[ bueller @ PRISM1 :: build ]$ make test 2>&1 >> GTEST-CMake-01-test.out 
/opt/gtest/googletest-read-only/build
GTEST-CMake-01-test.out

Running tests...
"/Applications/CMake 2.8-10.app/Contents/bin/ctest" --force-new-ctest-process 
Test project /opt/gtest/googletest-read-only/build
      Start  1: gtest-death-test_test
 1/40 Test  #1: gtest-death-test_test ..............   Passed    0.67 sec
      Start  2: gtest_environment_test
 2/40 Test  #2: gtest_environment_test .............   Passed    0.00 sec
      Start  3: gtest-filepath_test
 3/40 Test  #3: gtest-filepath_test ................   Passed    0.01 sec
      Start  4: gtest-linked_ptr_test
 4/40 Test  #4: gtest-linked_ptr_test ..............   Passed    0.00 sec
      Start  5: gtest-listener_test
 5/40 Test  #5: gtest-listener_test ................   Passed    0.00 sec
      Start  6: gtest_main_unittest
 6/40 Test  #6: gtest_main_unittest ................   Passed    0.00 sec
      Start  7: gtest-message_test
 7/40 Test  #7: gtest-message_test .................   Passed    0.00 sec
      Start  8: gtest_no_test_unittest
 8/40 Test  #8: gtest_no_test_unittest .............   Passed    0.00 sec
      Start  9: gtest-options_test
 9/40 Test  #9: gtest-options_test .................   Passed    0.00 sec
      Start 10: gtest-param-test_test
10/40 Test #10: gtest-param-test_test ..............   Passed    0.18 sec
      Start 11: gtest-port_test
11/40 Test #11: gtest-port_test ....................   Passed    2.67 sec
      Start 12: gtest_pred_impl_unittest
12/40 Test #12: gtest_pred_impl_unittest ...........   Passed    0.01 sec
      Start 13: gtest-printers_test
13/40 Test #13: gtest-printers_test ................   Passed    0.02 sec
      Start 14: gtest_prod_test
14/40 Test #14: gtest_prod_test ....................   Passed    0.00 sec
      Start 15: gtest_repeat_test
15/40 Test #15: gtest_repeat_test ..................   Passed    2.91 sec
      Start 16: gtest_sole_header_test
16/40 Test #16: gtest_sole_header_test .............   Passed    0.00 sec
      Start 17: gtest_stress_test
17/40 Test #17: gtest_stress_test ..................   Passed    0.13 sec
      Start 18: gtest-test-part_test
18/40 Test #18: gtest-test-part_test ...............   Passed    0.30 sec
      Start 19: gtest_throw_on_failure_ex_test
19/40 Test #19: gtest_throw_on_failure_ex_test .....   Passed    0.00 sec
      Start 20: gtest-typed-test_test
20/40 Test #20: gtest-typed-test_test ..............   Passed    0.59 sec
      Start 21: gtest_unittest
21/40 Test #21: gtest_unittest .....................   Passed    1.78 sec
      Start 22: gtest-unittest-api_test
22/40 Test #22: gtest-unittest-api_test ............   Passed    0.00 sec
      Start 23: gtest-death-test_ex_nocatch_test
23/40 Test #23: gtest-death-test_ex_nocatch_test ...   Passed    0.01 sec
      Start 24: gtest-death-test_ex_catch_test
24/40 Test #24: gtest-death-test_ex_catch_test .....   Passed    0.01 sec
      Start 25: gtest_no_rtti_unittest
25/40 Test #25: gtest_no_rtti_unittest .............   Passed    1.75 sec
      Start 26: gtest-tuple_test
26/40 Test #26: gtest-tuple_test ...................   Passed    0.01 sec
      Start 27: gtest_use_own_tuple_test
27/40 Test #27: gtest_use_own_tuple_test ...........   Passed    0.18 sec
      Start 28: gtest_break_on_failure_unittest
28/40 Test #28: gtest_break_on_failure_unittest ....   Passed    0.81 sec
      Start 29: gtest_catch_exceptions_test
29/40 Test #29: gtest_catch_exceptions_test ........   Passed    0.11 sec
      Start 30: gtest_color_test
30/40 Test #30: gtest_color_test ...................   Passed    0.19 sec
      Start 31: gtest_env_var_test
31/40 Test #31: gtest_env_var_test .................   Passed    0.16 sec
      Start 32: gtest_filter_unittest
32/40 Test #32: gtest_filter_unittest ..............   Passed    0.98 sec
      Start 33: gtest_help_test
33/40 Test #33: gtest_help_test ....................   Passed    0.14 sec
      Start 34: gtest_list_tests_unittest
34/40 Test #34: gtest_list_tests_unittest ..........   Passed    0.12 sec
      Start 35: gtest_output_test
35/40 Test #35: gtest_output_test ..................   Passed    0.19 sec
      Start 36: gtest_shuffle_test
36/40 Test #36: gtest_shuffle_test .................   Passed    0.16 sec
      Start 37: gtest_throw_on_failure_test
37/40 Test #37: gtest_throw_on_failure_test ........   Passed    0.66 sec
      Start 38: gtest_uninitialized_test
38/40 Test #38: gtest_uninitialized_test ...........   Passed    0.09 sec
      Start 39: gtest_xml_outfiles_test
39/40 Test #39: gtest_xml_outfiles_test ............   Passed    0.14 sec
      Start 40: gtest_xml_output_unittest
40/40 Test #40: gtest_xml_output_unittest ..........   Passed    0.18 sec

100% tests passed, 0 tests failed out of 40

Total Test time (real) =  15.38 sec
